<?xml version="1.0" encoding="UTF-8"?>
<testng-results skipped="0" failed="0" ignored="0" total="1" passed="1">
  <reporter-output>
  </reporter-output>
  <suite name="Default suite" duration-ms="37559" started-at="2018-05-09T05:44:53Z" finished-at="2018-05-09T05:45:31Z">
    <groups>
    </groups>
    <test name="Default test" duration-ms="37559" started-at="2018-05-09T05:44:53Z" finished-at="2018-05-09T05:45:31Z">
      <class name="testCases.ExecuteTest">
        <test-method status="PASS" signature="testLogin()[pri:0, instance:testCases.ExecuteTest@482f8f11]" name="testLogin" duration-ms="37479" started-at="2018-05-09T11:14:53Z" finished-at="2018-05-09T11:15:31Z">
          <reporter-output>
          </reporter-output>
        </test-method> <!-- testLogin -->
      </class> <!-- testCases.ExecuteTest -->
    </test> <!-- Default test -->
  </suite> <!-- Default suite -->
</testng-results>
