<?xml version="1.0" encoding="UTF-8"?>
<testng-results skipped="0" failed="0" ignored="0" total="3" passed="3">
  <reporter-output>
  </reporter-output>
  <suite name="Suite" duration-ms="91405" started-at="2019-01-27T04:16:53Z" finished-at="2019-01-27T04:18:24Z">
    <groups>
    </groups>
    <test name="Test1" duration-ms="25137" started-at="2019-01-27T04:16:53Z" finished-at="2019-01-27T04:17:18Z">
      <class name="parameter.example.ParametrizationExample">
        <test-method status="PASS" signature="openbrowser()[pri:0, instance:parameter.example.ParametrizationExample@51efea79]" name="openbrowser" is-config="true" duration-ms="21103" started-at="2019-01-27T04:16:53Z" finished-at="2019-01-27T04:17:14Z">
          <reporter-output>
          </reporter-output>
        </test-method> <!-- openbrowser -->
        <test-method status="PASS" signature="Login(java.lang.String, java.lang.String)[pri:0, instance:parameter.example.ParametrizationExample@51efea79]" name="Login" duration-ms="467" started-at="2019-01-27T04:17:14Z" finished-at="2019-01-27T04:17:15Z">
          <params>
            <param index="0">
              <value>
                <![CDATA[test_121]]>
              </value>
            </param>
            <param index="1">
              <value>
                <![CDATA[test@123]]>
              </value>
            </param>
          </params>
          <reporter-output>
          </reporter-output>
        </test-method> <!-- Login -->
        <test-method status="PASS" signature="teardown()[pri:0, instance:parameter.example.ParametrizationExample@51efea79]" name="teardown" is-config="true" duration-ms="3519" started-at="2019-01-27T04:17:15Z" finished-at="2019-01-27T04:17:18Z">
          <reporter-output>
          </reporter-output>
        </test-method> <!-- teardown -->
      </class> <!-- parameter.example.ParametrizationExample -->
    </test> <!-- Test1 -->
    <test name="Test2" duration-ms="48642" started-at="2019-01-27T04:17:18Z" finished-at="2019-01-27T04:18:07Z">
      <class name="parameter.example.ParametrizationExample">
        <test-method status="PASS" signature="openbrowser()[pri:0, instance:parameter.example.ParametrizationExample@4b9e13df]" name="openbrowser" is-config="true" duration-ms="13802" started-at="2019-01-27T04:17:18Z" finished-at="2019-01-27T04:17:32Z">
          <reporter-output>
          </reporter-output>
        </test-method> <!-- openbrowser -->
        <test-method status="PASS" signature="Login(java.lang.String, java.lang.String)[pri:0, instance:parameter.example.ParametrizationExample@4b9e13df]" name="Login" duration-ms="30580" started-at="2019-01-27T04:17:32Z" finished-at="2019-01-27T04:18:03Z">
          <params>
            <param index="0">
              <value>
                <![CDATA[test_122]]>
              </value>
            </param>
            <param index="1">
              <value>
                <![CDATA[test@123]]>
              </value>
            </param>
          </params>
          <reporter-output>
          </reporter-output>
        </test-method> <!-- Login -->
        <test-method status="PASS" signature="teardown()[pri:0, instance:parameter.example.ParametrizationExample@4b9e13df]" name="teardown" is-config="true" duration-ms="4255" started-at="2019-01-27T04:18:03Z" finished-at="2019-01-27T04:18:07Z">
          <reporter-output>
          </reporter-output>
        </test-method> <!-- teardown -->
      </class> <!-- parameter.example.ParametrizationExample -->
    </test> <!-- Test2 -->
    <test name="Test3" duration-ms="17406" started-at="2019-01-27T04:18:07Z" finished-at="2019-01-27T04:18:24Z">
      <class name="parameter.example.ParametrizationExample">
        <test-method status="PASS" signature="openbrowser()[pri:0, instance:parameter.example.ParametrizationExample@14acaea5]" name="openbrowser" is-config="true" duration-ms="13522" started-at="2019-01-27T04:18:07Z" finished-at="2019-01-27T04:18:20Z">
          <reporter-output>
          </reporter-output>
        </test-method> <!-- openbrowser -->
        <test-method status="PASS" signature="Login(java.lang.String, java.lang.String)[pri:0, instance:parameter.example.ParametrizationExample@14acaea5]" name="Login" duration-ms="482" started-at="2019-01-27T04:18:20Z" finished-at="2019-01-27T04:18:21Z">
          <params>
            <param index="0">
              <value>
                <![CDATA[test_123]]>
              </value>
            </param>
            <param index="1">
              <value>
                <![CDATA[test@124]]>
              </value>
            </param>
          </params>
          <reporter-output>
          </reporter-output>
        </test-method> <!-- Login -->
        <test-method status="PASS" signature="teardown()[pri:0, instance:parameter.example.ParametrizationExample@14acaea5]" name="teardown" is-config="true" duration-ms="3397" started-at="2019-01-27T04:18:21Z" finished-at="2019-01-27T04:18:24Z">
          <reporter-output>
          </reporter-output>
        </test-method> <!-- teardown -->
      </class> <!-- parameter.example.ParametrizationExample -->
    </test> <!-- Test3 -->
  </suite> <!-- Suite -->
</testng-results>
