<?xml version="1.0" encoding="UTF-8"?>
<testng-results skipped="0" failed="0" ignored="0" total="1" passed="1">
  <reporter-output>
  </reporter-output>
  <suite name="Default suite" duration-ms="88385" started-at="2019-02-05T05:57:19Z" finished-at="2019-02-05T05:58:47Z">
    <groups>
    </groups>
    <test name="Default test" duration-ms="88385" started-at="2019-02-05T05:57:19Z" finished-at="2019-02-05T05:58:47Z">
      <class name="com.screenhot.example.ScreenShotExample">
        <test-method status="PASS" signature="Test()[pri:0, instance:com.screenhot.example.ScreenShotExample@51efea79]" name="Test" duration-ms="88297" started-at="2019-02-05T05:57:19Z" finished-at="2019-02-05T05:58:47Z">
          <reporter-output>
          </reporter-output>
        </test-method> <!-- Test -->
      </class> <!-- com.screenhot.example.ScreenShotExample -->
    </test> <!-- Default test -->
  </suite> <!-- Default suite -->
</testng-results>
