<?xml version="1.0" encoding="UTF-8"?>
<testng-results skipped="0" failed="0" ignored="0" total="1" passed="1">
  <reporter-output>
  </reporter-output>
  <suite name="Default suite" duration-ms="58322" started-at="2019-02-08T05:49:33Z" finished-at="2019-02-08T05:50:31Z">
    <groups>
    </groups>
    <test name="Default test" duration-ms="58322" started-at="2019-02-08T05:49:33Z" finished-at="2019-02-08T05:50:31Z">
      <class name="automation.framework.ReadWriteExcel">
        <test-method status="PASS" signature="setup()[pri:0, instance:automation.framework.ReadWriteExcel@3532ec19]" name="setup" is-config="true" duration-ms="53746" started-at="2019-02-08T05:49:33Z" finished-at="2019-02-08T05:50:26Z">
          <reporter-output>
          </reporter-output>
        </test-method> <!-- setup -->
        <test-method status="PASS" signature="readdata()[pri:0, instance:automation.framework.ReadWriteExcel@3532ec19]" name="readdata" duration-ms="213" started-at="2019-02-08T05:50:26Z" finished-at="2019-02-08T05:50:27Z">
          <reporter-output>
          </reporter-output>
        </test-method> <!-- readdata -->
        <test-method status="PASS" signature="teardown()[pri:0, instance:automation.framework.ReadWriteExcel@3532ec19]" name="teardown" is-config="true" duration-ms="4318" started-at="2019-02-08T05:50:27Z" finished-at="2019-02-08T05:50:31Z">
          <reporter-output>
          </reporter-output>
        </test-method> <!-- teardown -->
      </class> <!-- automation.framework.ReadWriteExcel -->
    </test> <!-- Default test -->
  </suite> <!-- Default suite -->
</testng-results>
