<?xml version="1.0" encoding="UTF-8"?>
<!-- Generated by org.testng.reporters.JUnitXMLReporter -->
<testsuite hostname="TRIPTI-PC" ignored="0" name="Default test" tests="4" failures="0" timestamp="05 Feb 2019 11:21:15 GMT" time="92.127" errors="0">
  <testcase name="LoginTest" time="9.159" classname="dataprovider.example.with.dataprovider.example.with.testing.DataProviderExample"/>
  <testcase name="LoginTest" time="5.631" classname="dataprovider.example.with.dataprovider.example.with.testing.DataProviderExample"/>
  <testcase name="LoginTest" time="5.701" classname="dataprovider.example.with.dataprovider.example.with.testing.DataProviderExample"/>
  <testcase name="LoginTest" time="5.711" classname="dataprovider.example.with.dataprovider.example.with.testing.DataProviderExample"/>
</testsuite> <!-- Default test -->
