<?xml version="1.0" encoding="UTF-8"?>
<!-- Generated by org.testng.reporters.JUnitXMLReporter -->
<testsuite hostname="VIKRANT" ignored="0" name="Test" tests="1" failures="1" timestamp="12 Nov 2017 07:17:03 GMT" time="86.956" errors="0">
  <testcase name="Test" time="86.92" classname="com.screenhot.example.ScreenShotExample">
    <failure type="org.openqa.selenium.NoSuchElementException" message="Unable to locate element: .//*[@id=&amp;apos;u_0_5&amp;apos;]
For documentation on this error, please visit: http://seleniumhq.org/exceptions/no_such_element.html
Build info: version: &amp;apos;3.6.0&amp;apos;, revision: &amp;apos;6fbf3ec767&amp;apos;, time: &amp;apos;2017-09-27T16:15:26.402Z&amp;apos;
System info: host: &amp;apos;VIKRANT&amp;apos;, ip: &amp;apos;192.168.2.1&amp;apos;, os.name: &amp;apos;Windows 10&amp;apos;, os.arch: &amp;apos;amd64&amp;apos;, os.version: &amp;apos;10.0&amp;apos;, java.version: &amp;apos;1.8.0_151&amp;apos;
Driver info: org.openqa.selenium.firefox.FirefoxDriver
Capabilities [{moz:profile=C:\Users\Vikrant Nandan\AppData\Local\Temp\rust_mozprofile.eAx0DkqR3SR8, rotatable=false, timeouts={implicit=0, pageLoad=300000, script=30000}, pageLoadStrategy=normal, moz:headless=false, platform=XP, specificationLevel=0, moz:accessibilityChecks=false, acceptInsecureCerts=true, browserVersion=56.0.2, platformVersion=10.0, moz:processID=648, browserName=firefox, javascriptEnabled=true, platformName=XP}]
Session ID: 9f50acd1-7105-4267-b7ec-fbd93c3126bd
*** Element info: {Using=xpath, value=.//*[@id=&amp;apos;u_0_5&amp;apos;]}">
      <![CDATA[org.openqa.selenium.NoSuchElementException: Unable to locate element: .//*[@id='u_0_5']
For documentation on this error, please visit: http://seleniumhq.org/exceptions/no_such_element.html
Build info: version: '3.6.0', revision: '6fbf3ec767', time: '2017-09-27T16:15:26.402Z'
System info: host: 'VIKRANT', ip: '192.168.2.1', os.name: 'Windows 10', os.arch: 'amd64', os.version: '10.0', java.version: '1.8.0_151'
Driver info: org.openqa.selenium.firefox.FirefoxDriver
Capabilities [{moz:profile=C:\Users\Vikrant Nandan\AppData\Local\Temp\rust_mozprofile.eAx0DkqR3SR8, rotatable=false, timeouts={implicit=0, pageLoad=300000, script=30000}, pageLoadStrategy=normal, moz:headless=false, platform=XP, specificationLevel=0, moz:accessibilityChecks=false, acceptInsecureCerts=true, browserVersion=56.0.2, platformVersion=10.0, moz:processID=648, browserName=firefox, javascriptEnabled=true, platformName=XP}]
Session ID: 9f50acd1-7105-4267-b7ec-fbd93c3126bd
*** Element info: {Using=xpath, value=.//*[@id='u_0_5']}
	at org.openqa.selenium.remote.http.W3CHttpResponseCodec.createException(W3CHttpResponseCodec.java:185)
	at org.openqa.selenium.remote.http.W3CHttpResponseCodec.decode(W3CHttpResponseCodec.java:120)
	at org.openqa.selenium.remote.http.W3CHttpResponseCodec.decode(W3CHttpResponseCodec.java:49)
	at org.openqa.selenium.remote.HttpCommandExecutor.execute(HttpCommandExecutor.java:164)
	at org.openqa.selenium.remote.service.DriverCommandExecutor.execute(DriverCommandExecutor.java:83)
	at org.openqa.selenium.remote.RemoteWebDriver.execute(RemoteWebDriver.java:586)
	at org.openqa.selenium.remote.RemoteWebDriver.findElement(RemoteWebDriver.java:356)
	at org.openqa.selenium.remote.RemoteWebDriver.findElementByXPath(RemoteWebDriver.java:458)
	at org.openqa.selenium.By$ByXPath.findElement(By.java:361)
	at org.openqa.selenium.remote.RemoteWebDriver.findElement(RemoteWebDriver.java:348)
	at com.screenhot.example.ScreenShotExample.Test(ScreenShotExample.java:30)
... Removed 29 stack frames]]>
    </failure>
  </testcase> <!-- Test -->
</testsuite> <!-- Test -->
