<?xml version="1.0" encoding="UTF-8"?>
<!-- Generated by org.testng.reporters.JUnitXMLReporter -->
<testsuite hostname="TRIPTI-PC" ignored="0" name="Test" tests="3" failures="1" timestamp="31 Jan 2019 08:10:33 GMT" time="0.073" errors="0">
  <testcase name="f" time="0.014" classname="testngexample.AnnotationExample">
    <failure type="java.lang.AssertionError" message="expected [d] but found [s]">
      <![CDATA[java.lang.AssertionError: expected [d] but found [s]
at testngexample.AnnotationExample.f(AnnotationExample.java:17)
... Removed 31 stack frames]]>
    </failure>
  </testcase> <!-- f -->
  <testcase name="f2" time="0.003" classname="testngexample.AnnotationExample"/>
  <testcase name="f3" time="0.003" classname="testngexample.AnnotationExample"/>
</testsuite> <!-- Test -->
